locale:English_United States.1252
language:English (United States)
language id:1252
Version:Feb 26 2019 19:36:26
Creation Time:2023-01-02 23:08:08
File Time:2020-02-26 21:44:50
==========================================
2023-01-03 17:14:08
==========================================
Release
==========================================
System Version:10.0.19041.2364
Windows 10
Processor=X86-64 Architecture=AMD64  Win32  (WOW64) 
==============Memory status============================
62 percent of memory is in use.
16G bytes total of physical memory.
6G bytes free of physical memory.
==============virtual memory status============================
2048M bytes total of virtual memory.
1927M bytes free of virtual memory.
=====================Processor=====================
Number of NUMA nodes: 1
Number of physical processor packages: 1
Number of processor cores: 4
Number of logical processors: 8
Number of processor L1/L2/L3 caches: 8/4/1
=====================CPU=====================
0.Intel(R) Core(TM) i7-10510U CPU @ 1.80GHz
1.Intel(R) Core(TM) i7-10510U CPU @ 1.80GHz
2.Intel(R) Core(TM) i7-10510U CPU @ 1.80GHz
3.Intel(R) Core(TM) i7-10510U CPU @ 1.80GHz
4.Intel(R) Core(TM) i7-10510U CPU @ 1.80GHz
5.Intel(R) Core(TM) i7-10510U CPU @ 1.80GHz
6.Intel(R) Core(TM) i7-10510U CPU @ 1.80GHz
7.Intel(R) Core(TM) i7-10510U CPU @ 1.80GHz
GenuineIntel
Intel(R) Core(TM) i7-10510U CPU @ 1.80GHz
ADX
AES
AVX
AVX2
BMI1
BMI2
CLFSH
CMPXCHG16B
CX8
ERMS
F16C
FMA
FSGSBASE
FXSR
INVPCID
LAHF
LZCNT
MMX
MONITOR
MOVBE
MSR
OSXSAVE
PCLMULQDQ
POPCNT
RDRAND
RDSEED
RDTSCP
SEP
SSE
SSE2
SSE3
SSE4.1
SSE4.2
SSSE3
XSAVE
==========================================

17:14:08.223 [Msg]  ===================
17:14:08.223 [Msg]  Screen: 1920x1080
17:14:08.223 [Msg]  IsDPIAware=1
17:14:08.223 [Msg]  DpiAwareness=2
17:14:08.223 [Msg]  ===================


instance of Win32_VideoController
{
	AdapterCompatibility = "Intel Corporation";
	AdapterDACType = "Internal";
	AdapterRAM = 1073741824;
	Availability = 3;
	Caption = "Intel(R) UHD Graphics";
	ConfigManagerErrorCode = 0;
	ConfigManagerUserConfig = FALSE;
	CreationClassName = "Win32_VideoController";
	CurrentBitsPerPixel = 32;
	CurrentHorizontalResolution = 1920;
	CurrentNumberOfColors = "4294967296";
	CurrentNumberOfColumns = 0;
	CurrentNumberOfRows = 0;
	CurrentRefreshRate = 59;
	CurrentScanMode = 4;
	CurrentVerticalResolution = 1080;
	Description = "Intel(R) UHD Graphics";
	DeviceID = "VideoController1";
	DitherType = 0;
	DriverDate = "20210205000000.000000-000";
	DriverVersion = "27.20.100.9268";
	InfFilename = "oem1.inf";
	InfSection = "iCML_w10_DS";
	InstalledDisplayDrivers = "C:\\WINDOWS\\System32\\DriverStore\\FileRepository\\iigd_dch.inf_amd64_044fd6f0c2ae28a8\\igdumdim64.dll,C:\\WINDOWS\\System32\\DriverStore\\FileRepository\\iigd_dch.inf_amd64_044fd6f0c2ae28a8\\igd10iumd64.dll,C:\\WINDOWS\\System32\\DriverStore\\FileRepository\\iigd_dch.inf_amd64_044fd6f0c2ae28a8\\igd10iumd64.dll,C:\\WINDOWS\\System32\\DriverStore\\FileRepository\\iigd_dch.inf_amd64_044fd6f0c2ae28a8\\igd12umd64.dll";
	MaxRefreshRate = 59;
	MinRefreshRate = 59;
	Monochrome = FALSE;
	Name = "Intel(R) UHD Graphics";
	PNPDeviceID = "PCI\\VEN_8086&DEV_9B41&SUBSYS_170F1043&REV_02\\3&11583659&0&10";
	Status = "OK";
	SystemCreationClassName = "Win32_ComputerSystem";
	SystemName = "DESKTOP-ALKQBCM";
	VideoArchitecture = 5;
	VideoMemoryType = 2;
	VideoModeDescription = "1920 x 1080 x 4294967296 colors";
	VideoProcessor = "Intel(R) UHD Graphics Family";
};


instance of Win32_VideoController
{
	AdapterCompatibility = "NVIDIA";
	AdapterDACType = "Integrated RAMDAC";
	AdapterRAM = 2147483648;
	Availability = 3;
	Caption = "NVIDIA GeForce MX250";
	ConfigManagerErrorCode = 0;
	ConfigManagerUserConfig = FALSE;
	CreationClassName = "Win32_VideoController";
	CurrentBitsPerPixel = 32;
	CurrentHorizontalResolution = 3840;
	CurrentNumberOfColors = "4294967296";
	CurrentNumberOfColumns = 0;
	CurrentNumberOfRows = 0;
	CurrentRefreshRate = 29;
	CurrentScanMode = 4;
	CurrentVerticalResolution = 2160;
	Description = "NVIDIA GeForce MX250";
	DeviceID = "VideoController2";
	DitherType = 0;
	DriverDate = "20210506000000.000000-000";
	DriverVersion = "27.21.14.6259";
	InfFilename = "oem54.inf";
	InfSection = "Section012";
	InstalledDisplayDrivers = "C:\\WINDOWS\\System32\\DriverStore\\FileRepository\\nvam.inf_amd64_61df758291bf519e\\nvldumdx.dll,C:\\WINDOWS\\System32\\DriverStore\\FileRepository\\nvam.inf_amd64_61df758291bf519e\\nvldumdx.dll,C:\\WINDOWS\\System32\\DriverStore\\FileRepository\\nvam.inf_amd64_61df758291bf519e\\nvldumdx.dll,C:\\WINDOWS\\System32\\DriverStore\\FileRepository\\nvam.inf_amd64_61df758291bf519e\\nvldumdx.dll";
	MaxRefreshRate = 0;
	Monochrome = FALSE;
	Name = "NVIDIA GeForce MX250";
	PNPDeviceID = "PCI\\VEN_10DE&DEV_1D52&SUBSYS_170F1043&REV_A1\\4&3A8D4B0E&0&00E0";
	Status = "OK";
	SystemCreationClassName = "Win32_ComputerSystem";
	SystemName = "DESKTOP-ALKQBCM";
	VideoArchitecture = 5;
	VideoMemoryType = 2;
	VideoModeDescription = "3840 x 2160 x 4294967296 colors";
	VideoProcessor = "GeForce MX250";
};


instance of Win32_DesktopMonitor
{
	Availability = 8;
	Caption = "Generic PnP Monitor";
	ConfigManagerErrorCode = 0;
	ConfigManagerUserConfig = FALSE;
	CreationClassName = "Win32_DesktopMonitor";
	Description = "Generic PnP Monitor";
	DeviceID = "DesktopMonitor1";
	MonitorManufacturer = "(Standard monitor types)";
	MonitorType = "Generic PnP Monitor";
	Name = "Generic PnP Monitor";
	PixelsPerXLogicalInch = 144;
	PixelsPerYLogicalInch = 144;
	PNPDeviceID = "DISPLAY\\NCP0035\\4&F8F4A9E&0&UID265988";
	Status = "OK";
	SystemCreationClassName = "Win32_ComputerSystem";
	SystemName = "DESKTOP-ALKQBCM";
};


instance of Win32_DesktopMonitor
{
	Availability = 3;
	Caption = "Default Monitor";
	CreationClassName = "Win32_DesktopMonitor";
	Description = "Default Monitor";
	DeviceID = "DesktopMonitor2";
	MonitorType = "Default Monitor";
	Name = "Default Monitor";
	PixelsPerXLogicalInch = 144;
	PixelsPerYLogicalInch = 144;
	ScreenHeight = 1080;
	ScreenWidth = 1920;
	Status = "OK";
	SystemCreationClassName = "Win32_ComputerSystem";
	SystemName = "DESKTOP-ALKQBCM";
};

==============Adapter Count:2====================
\\.\DISPLAY1: igdumdim32.dll(Intel(R) UHD Graphics)
	1920x1080(59) 22
	Monitor:{0x0-1920x1080}(1920x1080), Work:{0x0-1920x1020}(1920x1020), Flags=1, Device=\\.\DISPLAY1
\\.\DISPLAY2: igdumdim32.dll(Intel(R) UHD Graphics)
	3840x2160(29) 22
	Monitor:{1920x0-5760x2160}(3840x2160), Work:{1920x0-5760x2100}(3840x2100), Flags=0, Device=\\.\DISPLAY2
==================================
17:14:08.450 [Msg]  ---------Intel---------
17:14:08.836 [Msg]  IMPL: MFX_IMPL_HARDWARE MFX_IMPL_VIA_D3D9
17:14:08.836 [Msg]  Intel Encoder Version: 1.34
17:14:08.837 [Msg]  Intel Codec:H264
17:14:09.117 [Msg]  Intel Encoder: H264, OK
17:14:09.133 [Msg]  Intel Codec:HEVC
17:14:09.411 [Msg]  Intel Encoder: HEVC, OK
17:14:09.427 [Msg]  Intel Codec:MPEG2
17:14:09.671 [Msg]  Intel Encoder: MPEG2, OK
17:14:09.688 [Msg]  ---------AMD2---------
17:14:09.688 [ERR]  AMF Failed to initialize
17:14:09.688 [Msg]  ---------AMD---------
17:14:09.791 [Msg]  DX9: List of adapters:
17:14:09.801 [Msg]  DX9: List of adapters:
17:14:09.811 [ERR]  FAIL
17:14:09.812 [Msg]  ---------NVENC 8---------
17:14:10.543 [Msg]  Device Count 1
17:14:10.543 [Msg]  0.GeForce MX250
	Capability version:6.1
	Total memory:2GB
cuDeviceGet=0
cuCtxCreate
cuCtxPopCurrent
Initialize
17:14:10.623 [ERR]  Failed to LoadLibrary
17:14:10.623 [ERR]  Failed to Initialize:NV_ENC_ERR_OUT_OF_MEMORY
17:14:10.623 [Msg]  ---------NVENC 5---------
17:14:10.623 [Msg]  Device Count 1
17:14:10.623 [Msg]  0.GeForce MX250
	Capability version:6.1
	Total memory:2GB
cuDeviceGet=0
cuCtxCreate
cuCtxPopCurrent
Initialize
17:14:10.673 [ERR]  Failed to LoadLibrary
17:14:10.673 [ERR]  Failed to Initialize:NV_ENC_ERR_OUT_OF_MEMORY
17:14:10.681 [Msg]  Find camera device:Index=0;Name=USB2.0 HD UVC WebCam;DisplayName=@device:pnp:\\?\usb#vid_13d3&pid_56dd&mi_00#6&3124c791&0&0000#{65e8773d-8f56-11d0-a3b9-00a0c9223196}\global
17:14:10.707 [Msg]  ===========================Audio Render Device===========================
17:14:10.709 [Msg]  [0]:
	Device name:ASUS VP28U (Intel(R) Display Audio)
	Form factor:HDMI
	ID:{0.0.0.00000000}.{2117bc40-8fab-4707-beb1-750d9b72c59c}
	State:0x1(ACTIVE)
17:14:10.710 [Msg]  [1]:
	Device name:Speakers (Realtek(R) Audio)
	Form factor:Speakers
	ID:{0.0.0.00000000}.{6aa93e3c-a5bc-4327-be11-b7da89239065}
	State:0x1(ACTIVE)
17:14:10.710 [Msg]  ===========================Audio Capture Device===========================
17:14:10.710 [Msg]  [0]:
	Device name:Microphone (Realtek(R) Audio)
	Form factor:Microphone
	ID:{0.0.1.00000000}.{92b8e968-19cd-43f1-a01c-73deb8737767}
	State:0x1(ACTIVE)
17:14:10.710 [Msg]  ===========================Audio Default Devices===========================
17:14:10.711 [Msg]  Render Device:Speakers (Realtek(R) Audio)
17:14:10.715 [Msg]  Render Device Format:FormatTag=Ext(IEEE_FLOAT), 48000 Hz, 2 Channels, 32 Bits; AvgBytesPerSec=384000, BlockAlign=8, Extra size=22, SubFormat=3, wValidBitsPerSample=32,dwChannelMask=0x3
17:14:10.716 [Msg]  Capture Device:Microphone (Realtek(R) Audio)
17:14:10.716 [Msg]  Capture Device Format:FormatTag=Ext(IEEE_FLOAT), 48000 Hz, 2 Channels, 32 Bits; AvgBytesPerSec=384000, BlockAlign=8, Extra size=22, SubFormat=3, wValidBitsPerSample=32,dwChannelMask=0x3
17:14:10.881 [Msg]  Targets features supported by Direct3D 12.1 including shader model 5.
17:14:10.894 [Msg]  msvcrt.dll
17:14:10.894 [Msg]  ntdll.dll
17:14:10.894 [Msg]  KERNEL32.dll
17:14:10.894 [Msg]  USER32.dll
17:14:10.894 [Msg]  GDI32.dll
17:14:10.894 [Msg]  ADVAPI32.dll
17:14:10.894 [Msg]  WTSAPI32.dll
17:14:10.894 [Msg]  gdiplus.dll
17:14:10.894 [Msg]  d3d9.dll
17:14:11.234 [Msg]  Adapter=1
17:14:11.234 [Msg]  Direct3D9Ex Reference=4.
17:14:11.234 [Msg]  Syste Memory Surface Created!
17:14:11.235 [Msg]  Magnifier:child window create=0x50942
17:14:11.762 [Msg]  Support Harderware Screen Capture
17:14:11.763 [Msg]  Magnifier:child window destroy=0x50942
17:14:11.763 [Msg]  Direct3DDevice9Ex Reference=2.
17:14:11.770 [Msg]  Magnifier:Destroy
17:14:11.957 [Msg]  Use Display 0, Rect={0x0-1920x1080}
17:14:12.069 [Msg]  Use Display 0, Rect={0x0-1920x1080}
17:14:12.176 [Msg]  Use Display 0, Rect={0x0-1920x1080}
17:14:38.092 [Msg]  WM_DEVICECHANGE: 0x7, 0x0
17:14:38.098 [Msg]  Find camera device:Index=0;Name=USB2.0 HD UVC WebCam;DisplayName=@device:pnp:\\?\usb#vid_13d3&pid_56dd&mi_00#6&3124c791&0&0000#{65e8773d-8f56-11d0-a3b9-00a0c9223196}\global
17:14:38.098 [Msg]  Camera NOT change!
17:14:51.945 [Msg]  Gdiplus::Bitmap=0
17:14:51.945 [Msg]  Gdiplus::Graphics=0
